<?xml version="1.0" encoding="UTF-8"?>
<testsuite xmlns:xsi="http://www.w3.org/2001/XMLSchema-instance" xsi:noNamespaceSchemaLocation="https://maven.apache.org/surefire/maven-surefire-plugin/xsd/surefire-test-report.xsd" name="com.learnwebclienmocking.service.EmployeeServiceTest" time="0.777" tests="4" errors="0" skipped="0" failures="0">
  <properties>
[...]
</properties>
  <testcase name="addNewEmployee" classname="com.learnwebclienmocking.service.EmployeeServiceTest" time="0.072"/>
  <testcase name="deleteEmployee" classname="com.learnwebclienmocking.service.EmployeeServiceTest" time="0.004"/>
  <testcase name="getEmployeeById" classname="com.learnwebclienmocking.service.EmployeeServiceTest" time="0.003"/>
  <testcase name="updateEmployee" classname="com.learnwebclienmocking.service.EmployeeServiceTest" time="0.004"/>
</testsuite>